<?xml version="1.0" encoding="UTF-8"?>
<testsuite xmlns:xsi="http://www.w3.org/2001/XMLSchema-instance" xsi:noNamespaceSchemaLocation="https://maven.apache.org/surefire/maven-surefire-plugin/xsd/surefire-test-report.xsd" version="3.0.1" name="uk.ac.starlink.hdx.ResourceTypeTest" time="0.001" tests="2" errors="0" skipped="2" failures="0">
  <properties>
[...]
</properties>
  <testcase name="testWeather" classname="uk.ac.starlink.hdx.ResourceTypeTest" time="0.0">
    <skipped message="public void uk.ac.starlink.hdx.ResourceTypeTest.testWeather() is @Disabled"/>
  </testcase>
  <testcase name="testFacade" classname="uk.ac.starlink.hdx.ResourceTypeTest" time="0.0">
    <skipped message="public void uk.ac.starlink.hdx.ResourceTypeTest.testFacade() throws java.lang.Exception is @Disabled"/>
  </testcase>
</testsuite>